<?xml version="1.0" encoding="UTF-8"?>
<!-- Generated by org.testng.reporters.JUnitReportReporter -->
<testsuite hostname="LAPTOP-67JBRTJA" failures="0" tests="4" name="com.OrangeHrm_Bo1_loginPage.BuildBO1_Test" time="0.017" errors="0" timestamp="2025-04-16T19:24:04 IST" skipped="0">
  <testcase classname="com.OrangeHrm_Bo1_loginPage.BuildBO1_Test" name="signUp_Test" time="0.012">
    <system-out>
      <![CDATA[SignUp_Test]]>
    </system-out>
  </testcase> <!-- signUp_Test -->
  <testcase classname="com.OrangeHrm_Bo1_loginPage.BuildBO1_Test" name="login_Test" time="0.001"/>
  <testcase classname="com.OrangeHrm_Bo1_loginPage.BuildBO1_Test" name="homePage_Test" time="0.002"/>
  <testcase classname="com.OrangeHrm_Bo1_loginPage.BuildBO1_Test" name="logout_Test" time="0.002"/>
  <system-out>
    <![CDATA[SignUp_Test]]>
  </system-out>
</testsuite> <!-- com.OrangeHrm_Bo1_loginPage.BuildBO1_Test -->
