<?xml version="1.0" encoding="UTF-8"?>
<!-- Generated by org.testng.reporters.JUnitReportReporter -->
<testsuite hostname="LAPTOP-67JBRTJA" failures="0" tests="3" name="com.OrangeHrm_Bo1_loginPage.BuildBO1_Test" time="29.624" errors="0" timestamp="2025-04-21T15:29:14 IST" skipped="0">
  <testcase classname="com.OrangeHrm_Bo1_loginPage.BuildBO1_Test" name="endToend_1_Test" time="9.337"/>
  <system-out/>
  <testcase classname="com.OrangeHrm_Bo1_loginPage.BuildBO1_Test" name="endToend_1_Test" time="10.840"/>
  <system-out/>
  <testcase classname="com.OrangeHrm_Bo1_loginPage.BuildBO1_Test" name="endToend_1_Test" time="9.447"/>
  <system-out/>
</testsuite> <!-- com.OrangeHrm_Bo1_loginPage.BuildBO1_Test -->
