<?xml version="1.0" encoding="UTF-8"?>
<!-- Generated by org.testng.reporters.JUnitReportReporter -->
<testsuite hostname="LAPTOP-67JBRTJA" failures="0" tests="1" name="buildBo2.Annotation_Test" time="0.005" errors="0" timestamp="2025-04-16T19:18:37 IST" skipped="0">
  <testcase classname="buildBo2.Annotation_Test" name="demoAnnotations" time="0.005"/>
  <system-out>
    <![CDATA[SignUp_Test]]>
  </system-out>
</testsuite> <!-- buildBo2.Annotation_Test -->
