<?xml version="1.0" encoding="UTF-8"?>
<!-- Generated by org.testng.reporters.JUnitReportReporter -->
<testsuite hostname="LAPTOP-67JBRTJA" failures="0" tests="1" name="com.OrangeHrm_Bo1_loginPage.Annotation_Test" time="0.007" errors="0" timestamp="2025-04-16T18:40:34 IST" skipped="0">
  <testcase classname="com.OrangeHrm_Bo1_loginPage.Annotation_Test" name="demoAnnotations" time="0.007"/>
</testsuite> <!-- com.OrangeHrm_Bo1_loginPage.Annotation_Test -->
